This is pdfTeX, Version 3.1415926-2.5-1.40.14 (TeX Live 2013/Debian) (format=pdflatex 2015.3.10)  20 APR 2015 11:48
entering extended mode
 restricted \write18 enabled.
 %&-line parsing enabled.
**zeitung.tex
(./zeitung.tex
LaTeX2e <2011/06/27>
Babel <3.9h> and hyphenation patterns for 78 languages loaded.
(/usr/share/texlive/texmf-dist/tex/latex/base/article.cls
Document Class: article 2007/10/19 v1.4h Standard LaTeX document class
(/usr/share/texlive/texmf-dist/tex/latex/base/size12.clo
File: size12.clo 2007/10/19 v1.4h Standard LaTeX file (size option)
)
\c@part=\count79
\c@section=\count80
\c@subsection=\count81
\c@subsubsection=\count82
\c@paragraph=\count83
\c@subparagraph=\count84
\c@figure=\count85
\c@table=\count86
\abovecaptionskip=\skip41
\belowcaptionskip=\skip42
\bibindent=\dimen102
) (./newspaper.sty
Package: newspaper 

(/usr/share/texlive/texmf-dist/tex/latex/yfonts/yfonts.sty
Package: yfonts 2003/01/08 v1.3 (WaS)
)
\c@volume=\count87
\c@issue=\count88
)
(/usr/share/texlive/texmf-dist/tex/latex/moderntimeline/moderntimeline.sty
Package: moderntimeline 2012/04/27 0.7 Add timelines to moderncv entries
Package: moderntimeline 

(/usr/share/texmf/tex/latex/pgf/frontendlayer/tikz.sty
(/usr/share/texmf/tex/latex/pgf/basiclayer/pgf.sty
(/usr/share/texmf/tex/latex/pgf/utilities/pgfrcs.sty
(/usr/share/texmf/tex/generic/pgf/utilities/pgfutil-common.tex
\pgfutil@everybye=\toks14
)
(/usr/share/texmf/tex/generic/pgf/utilities/pgfutil-latex.def
\pgfutil@abb=\box26

(/usr/share/texlive/texmf-dist/tex/latex/ms/everyshi.sty
Package: everyshi 2001/05/15 v3.00 EveryShipout Package (MS)
))
(/usr/share/texmf/tex/generic/pgf/utilities/pgfrcs.code.tex
Package: pgfrcs 2010/10/25 v2.10 (rcs-revision 1.24)
))
Package: pgf 2008/01/15 v2.10 (rcs-revision 1.12)

(/usr/share/texmf/tex/latex/pgf/basiclayer/pgfcore.sty
(/usr/share/texlive/texmf-dist/tex/latex/graphics/graphicx.sty
Package: graphicx 1999/02/16 v1.0f Enhanced LaTeX Graphics (DPC,SPQR)

(/usr/share/texlive/texmf-dist/tex/latex/graphics/keyval.sty
Package: keyval 1999/03/16 v1.13 key=value parser (DPC)
\KV@toks@=\toks15
)
(/usr/share/texlive/texmf-dist/tex/latex/graphics/graphics.sty
Package: graphics 2009/02/05 v1.0o Standard LaTeX Graphics (DPC,SPQR)

(/usr/share/texlive/texmf-dist/tex/latex/graphics/trig.sty
Package: trig 1999/03/16 v1.09 sin cos tan (DPC)
)
(/usr/share/texlive/texmf-dist/tex/latex/latexconfig/graphics.cfg
File: graphics.cfg 2010/04/23 v1.9 graphics configuration of TeX Live
)
Package graphics Info: Driver file: pdftex.def on input line 91.

(/usr/share/texlive/texmf-dist/tex/latex/pdftex-def/pdftex.def
File: pdftex.def 2011/05/27 v0.06d Graphics/color for pdfTeX

(/usr/share/texlive/texmf-dist/tex/generic/oberdiek/infwarerr.sty
Package: infwarerr 2010/04/08 v1.3 Providing info/warning/error messages (HO)
)
(/usr/share/texlive/texmf-dist/tex/generic/oberdiek/ltxcmds.sty
Package: ltxcmds 2011/11/09 v1.22 LaTeX kernel commands for general use (HO)
)
\Gread@gobject=\count89
))
\Gin@req@height=\dimen103
\Gin@req@width=\dimen104
)
(/usr/share/texmf/tex/latex/pgf/systemlayer/pgfsys.sty
(/usr/share/texmf/tex/generic/pgf/systemlayer/pgfsys.code.tex
Package: pgfsys 2010/06/30 v2.10 (rcs-revision 1.37)

(/usr/share/texmf/tex/generic/pgf/utilities/pgfkeys.code.tex
\pgfkeys@pathtoks=\toks16
\pgfkeys@temptoks=\toks17

(/usr/share/texmf/tex/generic/pgf/utilities/pgfkeysfiltered.code.tex
\pgfkeys@tmptoks=\toks18
))
\pgf@x=\dimen105
\pgf@y=\dimen106
\pgf@xa=\dimen107
\pgf@ya=\dimen108
\pgf@xb=\dimen109
\pgf@yb=\dimen110
\pgf@xc=\dimen111
\pgf@yc=\dimen112
\w@pgf@writea=\write3
\r@pgf@reada=\read1
\c@pgf@counta=\count90
\c@pgf@countb=\count91
\c@pgf@countc=\count92
\c@pgf@countd=\count93

(/usr/share/texmf/tex/generic/pgf/systemlayer/pgf.cfg
File: pgf.cfg 2008/05/14  (rcs-revision 1.7)
)
Package pgfsys Info: Driver file for pgf: pgfsys-pdftex.def on input line 900.

(/usr/share/texmf/tex/generic/pgf/systemlayer/pgfsys-pdftex.def
File: pgfsys-pdftex.def 2009/05/22  (rcs-revision 1.26)

(/usr/share/texmf/tex/generic/pgf/systemlayer/pgfsys-common-pdf.def
File: pgfsys-common-pdf.def 2008/05/19  (rcs-revision 1.10)
)))
(/usr/share/texmf/tex/generic/pgf/systemlayer/pgfsyssoftpath.code.tex
File: pgfsyssoftpath.code.tex 2008/07/18  (rcs-revision 1.7)
\pgfsyssoftpath@smallbuffer@items=\count94
\pgfsyssoftpath@bigbuffer@items=\count95
)
(/usr/share/texmf/tex/generic/pgf/systemlayer/pgfsysprotocol.code.tex
File: pgfsysprotocol.code.tex 2006/10/16  (rcs-revision 1.4)
))
(/usr/share/texmf/tex/latex/xcolor/xcolor.sty
Package: xcolor 2007/01/21 v2.11 LaTeX color extensions (UK)

(/usr/share/texlive/texmf-dist/tex/latex/latexconfig/color.cfg
File: color.cfg 2007/01/18 v1.5 color configuration of teTeX/TeXLive
)
Package xcolor Info: Driver file: pdftex.def on input line 225.
Package xcolor Info: Model `cmy' substituted by `cmy0' on input line 1337.
Package xcolor Info: Model `hsb' substituted by `rgb' on input line 1341.
Package xcolor Info: Model `RGB' extended on input line 1353.
Package xcolor Info: Model `HTML' substituted by `rgb' on input line 1355.
Package xcolor Info: Model `Hsb' substituted by `hsb' on input line 1356.
Package xcolor Info: Model `tHsb' substituted by `hsb' on input line 1357.
Package xcolor Info: Model `HSB' substituted by `hsb' on input line 1358.
Package xcolor Info: Model `Gray' substituted by `gray' on input line 1359.
Package xcolor Info: Model `wave' substituted by `hsb' on input line 1360.
)
(/usr/share/texmf/tex/generic/pgf/basiclayer/pgfcore.code.tex
Package: pgfcore 2010/04/11 v2.10 (rcs-revision 1.7)

(/usr/share/texmf/tex/generic/pgf/math/pgfmath.code.tex
(/usr/share/texmf/tex/generic/pgf/math/pgfmathcalc.code.tex
(/usr/share/texmf/tex/generic/pgf/math/pgfmathutil.code.tex)
(/usr/share/texmf/tex/generic/pgf/math/pgfmathparser.code.tex
\pgfmath@dimen=\dimen113
\pgfmath@count=\count96
\pgfmath@box=\box27
\pgfmath@toks=\toks19
\pgfmath@stack@operand=\toks20
\pgfmath@stack@operation=\toks21
)
(/usr/share/texmf/tex/generic/pgf/math/pgfmathfunctions.code.tex
(/usr/share/texmf/tex/generic/pgf/math/pgfmathfunctions.basic.code.tex)
(/usr/share/texmf/tex/generic/pgf/math/pgfmathfunctions.trigonometric.code.tex)
(/usr/share/texmf/tex/generic/pgf/math/pgfmathfunctions.random.code.tex)
(/usr/share/texmf/tex/generic/pgf/math/pgfmathfunctions.comparison.code.tex)
(/usr/share/texmf/tex/generic/pgf/math/pgfmathfunctions.base.code.tex)
(/usr/share/texmf/tex/generic/pgf/math/pgfmathfunctions.round.code.tex)
(/usr/share/texmf/tex/generic/pgf/math/pgfmathfunctions.misc.code.tex)))
(/usr/share/texmf/tex/generic/pgf/math/pgfmathfloat.code.tex
\c@pgfmathroundto@lastzeros=\count97
))
(/usr/share/texmf/tex/generic/pgf/basiclayer/pgfcorepoints.code.tex
File: pgfcorepoints.code.tex 2010/04/09  (rcs-revision 1.20)
\pgf@picminx=\dimen114
\pgf@picmaxx=\dimen115
\pgf@picminy=\dimen116
\pgf@picmaxy=\dimen117
\pgf@pathminx=\dimen118
\pgf@pathmaxx=\dimen119
\pgf@pathminy=\dimen120
\pgf@pathmaxy=\dimen121
\pgf@xx=\dimen122
\pgf@xy=\dimen123
\pgf@yx=\dimen124
\pgf@yy=\dimen125
\pgf@zx=\dimen126
\pgf@zy=\dimen127
)
(/usr/share/texmf/tex/generic/pgf/basiclayer/pgfcorepathconstruct.code.tex
File: pgfcorepathconstruct.code.tex 2010/08/03  (rcs-revision 1.24)
\pgf@path@lastx=\dimen128
\pgf@path@lasty=\dimen129
)
(/usr/share/texmf/tex/generic/pgf/basiclayer/pgfcorepathusage.code.tex
File: pgfcorepathusage.code.tex 2008/04/22  (rcs-revision 1.12)
\pgf@shorten@end@additional=\dimen130
\pgf@shorten@start@additional=\dimen131
)
(/usr/share/texmf/tex/generic/pgf/basiclayer/pgfcorescopes.code.tex
File: pgfcorescopes.code.tex 2010/09/08  (rcs-revision 1.34)
\pgfpic=\box28
\pgf@hbox=\box29
\pgf@layerbox@main=\box30
\pgf@picture@serial@count=\count98
)
(/usr/share/texmf/tex/generic/pgf/basiclayer/pgfcoregraphicstate.code.tex
File: pgfcoregraphicstate.code.tex 2008/04/22  (rcs-revision 1.9)
\pgflinewidth=\dimen132
)
(/usr/share/texmf/tex/generic/pgf/basiclayer/pgfcoretransformations.code.tex
File: pgfcoretransformations.code.tex 2009/06/10  (rcs-revision 1.11)
\pgf@pt@x=\dimen133
\pgf@pt@y=\dimen134
\pgf@pt@temp=\dimen135
)
(/usr/share/texmf/tex/generic/pgf/basiclayer/pgfcorequick.code.tex
File: pgfcorequick.code.tex 2008/10/09  (rcs-revision 1.3)
)
(/usr/share/texmf/tex/generic/pgf/basiclayer/pgfcoreobjects.code.tex
File: pgfcoreobjects.code.tex 2006/10/11  (rcs-revision 1.2)
)
(/usr/share/texmf/tex/generic/pgf/basiclayer/pgfcorepathprocessing.code.tex
File: pgfcorepathprocessing.code.tex 2008/10/09  (rcs-revision 1.8)
)
(/usr/share/texmf/tex/generic/pgf/basiclayer/pgfcorearrows.code.tex
File: pgfcorearrows.code.tex 2008/04/23  (rcs-revision 1.11)
)
(/usr/share/texmf/tex/generic/pgf/basiclayer/pgfcoreshade.code.tex
File: pgfcoreshade.code.tex 2008/11/23  (rcs-revision 1.13)
\pgf@max=\dimen136
\pgf@sys@shading@range@num=\count99
)
(/usr/share/texmf/tex/generic/pgf/basiclayer/pgfcoreimage.code.tex
File: pgfcoreimage.code.tex 2010/03/25  (rcs-revision 1.16)

(/usr/share/texmf/tex/generic/pgf/basiclayer/pgfcoreexternal.code.tex
File: pgfcoreexternal.code.tex 2010/09/01  (rcs-revision 1.17)
\pgfexternal@startupbox=\box31
))
(/usr/share/texmf/tex/generic/pgf/basiclayer/pgfcorelayers.code.tex
File: pgfcorelayers.code.tex 2010/08/27  (rcs-revision 1.2)
)
(/usr/share/texmf/tex/generic/pgf/basiclayer/pgfcoretransparency.code.tex
File: pgfcoretransparency.code.tex 2008/01/17  (rcs-revision 1.2)
)
(/usr/share/texmf/tex/generic/pgf/basiclayer/pgfcorepatterns.code.tex
File: pgfcorepatterns.code.tex 2009/07/02  (rcs-revision 1.3)
)))
(/usr/share/texmf/tex/generic/pgf/modules/pgfmoduleshapes.code.tex
File: pgfmoduleshapes.code.tex 2010/09/09  (rcs-revision 1.13)
\pgfnodeparttextbox=\box32
)
(/usr/share/texmf/tex/generic/pgf/modules/pgfmoduleplot.code.tex
File: pgfmoduleplot.code.tex 2010/10/22  (rcs-revision 1.8)
)
(/usr/share/texmf/tex/latex/pgf/compatibility/pgfcomp-version-0-65.sty
Package: pgfcomp-version-0-65 2007/07/03 v2.10 (rcs-revision 1.7)
\pgf@nodesepstart=\dimen137
\pgf@nodesepend=\dimen138
)
(/usr/share/texmf/tex/latex/pgf/compatibility/pgfcomp-version-1-18.sty
Package: pgfcomp-version-1-18 2007/07/23 v2.10 (rcs-revision 1.1)
))
(/usr/share/texmf/tex/latex/pgf/utilities/pgffor.sty
(/usr/share/texmf/tex/latex/pgf/utilities/pgfkeys.sty
(/usr/share/texmf/tex/generic/pgf/utilities/pgfkeys.code.tex))
(/usr/share/texmf/tex/generic/pgf/utilities/pgffor.code.tex
Package: pgffor 2010/03/23 v2.10 (rcs-revision 1.18)
\pgffor@iter=\dimen139
\pgffor@skip=\dimen140
\pgffor@stack=\toks22
\pgffor@toks=\toks23
))
(/usr/share/texmf/tex/generic/pgf/frontendlayer/tikz/tikz.code.tex
Package: tikz 2010/10/13 v2.10 (rcs-revision 1.76)

(/usr/share/texmf/tex/generic/pgf/libraries/pgflibraryplothandlers.code.tex
File: pgflibraryplothandlers.code.tex 2010/05/31 v2.10 (rcs-revision 1.15)
\pgf@plot@mark@count=\count100
\pgfplotmarksize=\dimen141
)
\tikz@lastx=\dimen142
\tikz@lasty=\dimen143
\tikz@lastxsaved=\dimen144
\tikz@lastysaved=\dimen145
\tikzleveldistance=\dimen146
\tikzsiblingdistance=\dimen147
\tikz@figbox=\box33
\tikz@tempbox=\box34
\tikztreelevel=\count101
\tikznumberofchildren=\count102
\tikznumberofcurrentchild=\count103
\tikz@fig@count=\count104

(/usr/share/texmf/tex/generic/pgf/modules/pgfmodulematrix.code.tex
File: pgfmodulematrix.code.tex 2010/08/24  (rcs-revision 1.4)
\pgfmatrixcurrentrow=\count105
\pgfmatrixcurrentcolumn=\count106
\pgf@matrix@numberofcolumns=\count107
)
\tikz@expandcount=\count108

(/usr/share/texmf/tex/generic/pgf/frontendlayer/tikz/libraries/tikzlibrarytopat
hs.code.tex
File: tikzlibrarytopaths.code.tex 2008/06/17 v2.10 (rcs-revision 1.2)
))) (/usr/share/texlive/texmf-dist/tex/latex/oberdiek/kvoptions.sty
Package: kvoptions 2011/06/30 v3.11 Key value format for package options (HO)

(/usr/share/texlive/texmf-dist/tex/generic/oberdiek/kvsetkeys.sty
Package: kvsetkeys 2012/04/25 v1.16 Key value parser (HO)

(/usr/share/texlive/texmf-dist/tex/generic/oberdiek/etexcmds.sty
Package: etexcmds 2011/02/16 v1.5 Avoid name clashes with e-TeX commands (HO)

(/usr/share/texlive/texmf-dist/tex/generic/oberdiek/ifluatex.sty
Package: ifluatex 2010/03/01 v1.3 Provides the ifluatex switch (HO)
Package ifluatex Info: LuaTeX not detected.
)
Package etexcmds Info: Could not find \expanded.
(etexcmds)             That can mean that you are not using pdfTeX 1.50 or
(etexcmds)             that some package has redefined \expanded.
(etexcmds)             In the latter case, load this package earlier.
))))
(/usr/share/texlive/texmf-dist/tex/latex/base/fontenc.sty
Package: fontenc 2005/09/27 v1.99g Standard LaTeX package

(/usr/share/texlive/texmf-dist/tex/latex/base/t1enc.def
File: t1enc.def 2005/09/27 v1.99g Standard LaTeX file
LaTeX Font Info:    Redeclaring font encoding T1 on input line 43.
)
(/usr/share/texlive/texmf-dist/tex/latex/cyrillic/t2aenc.def
File: t2aenc.def 2005/09/27 v1.0i Cyrillic encoding definition file
)
LaTeX Font Info:    Try loading font information for T2A+cmr on input line 100.


(/usr/share/texlive/texmf-dist/tex/latex/cyrillic/t2acmr.fd
File: t2acmr.fd 2001/08/11 v1.0a Computer Modern Cyrillic font definitions
))
(/usr/share/texlive/texmf-dist/tex/latex/base/inputenc.sty
Package: inputenc 2008/03/30 v1.1d Input encoding file
\inpenc@prehook=\toks24
\inpenc@posthook=\toks25

(/usr/share/texlive/texmf-dist/tex/latex/ucs/utf8x.def
File: utf8x.def 2004/10/17 UCS: Input encoding UTF-8
))
(/usr/share/texlive/texmf-dist/tex/latex/ucs/ucs.sty
Package: ucs 2013/05/11 v2.2 UCS: Unicode input support

(/usr/share/texlive/texmf-dist/tex/latex/ucs/data/uni-global.def
File: uni-global.def 2013/05/13 UCS: Unicode global data
)
\uc@secondtry=\count109
\uc@combtoks=\toks26
\uc@combtoksb=\toks27
\uc@temptokena=\toks28
)
(/usr/share/texlive/texmf-dist/tex/generic/babel/babel.sty
Package: babel 2013/12/03 3.9h The Babel package

(/usr/share/texlive/texmf-dist/tex/generic/babel-german/germanb.ldf
Language: germanb 2013/12/13 v2.7 German support for babel (traditional orthogr
aphy)

(/usr/share/texlive/texmf-dist/tex/generic/babel/babel.def
File: babel.def 2013/12/03 3.9h Babel common definitions
\babel@savecnt=\count110
\U@D=\dimen148
)
\l@austrian = a dialect from \language\l@german 
Package babel Info: Making " an active character on input line 107.
)
(/usr/share/texlive/texmf-dist/tex/generic/babel-bulgarian/bulgarian.ldf
Language: bulgarian 2013/10/14 v1.2g Bulgarian support from the babel system
Package babel Info: Using `T2A' as a default Cyrillic encoding on input line 89
.
Package bulgarian.ldf Info: Executing the post 3.9 branch for captions on input
 line 197.
Package bulgarian.ldf Info: Executing the post 3.9 branch for dates on input li
ne 302.
))
(/usr/share/texlive/texmf-dist/tex/latex/psnfss/times.sty
Package: times 2005/04/12 PSNFSS-v9.2a (SPQR) 
) (./multicols.sty

LaTeX Warning: You have requested package `multicols',
               but the package provides `multicol'.

Package: multicol 2014/10/28 v1.8i multicolumn formatting (FMi)
\c@tracingmulticols=\count111
\mult@box=\box35
\multicol@leftmargin=\dimen149
\c@unbalance=\count112
\c@collectmore=\count113
\doublecol@number=\count114
\multicoltolerance=\count115
\multicolpretolerance=\count116
\full@width=\dimen150
\page@free=\dimen151
\premulticols=\dimen152
\postmulticols=\dimen153
\multicolsep=\skip43
\multicolbaselineskip=\skip44
\partial@page=\box36
\last@line=\box37
\maxbalancingoverflow=\dimen154
\mult@rightbox=\box38
\mult@grightbox=\box39
\mult@gfirstbox=\box40
\mult@firstbox=\box41
\@tempa=\box42
\@tempa=\box43
\@tempa=\box44
\@tempa=\box45
\@tempa=\box46
\@tempa=\box47
\@tempa=\box48
\@tempa=\box49
\@tempa=\box50
\@tempa=\box51
\@tempa=\box52
\@tempa=\box53
\@tempa=\box54
\@tempa=\box55
\@tempa=\box56
\@tempa=\box57
\@tempa=\box58
\c@columnbadness=\count117
\c@finalcolumnbadness=\count118
\last@try=\dimen155
\multicolovershoot=\dimen156
\multicolundershoot=\dimen157
\mult@nat@firstbox=\box59
\colbreak@box=\box60
\mc@col@check@num=\count119
) (/usr/share/texlive/texmf-dist/tex/latex/tools/calc.sty
Package: calc 2007/08/22 v4.3 Infix arithmetic (KKT,FJ)
\calc@Acount=\count120
\calc@Bcount=\count121
\calc@Adimen=\dimen158
\calc@Bdimen=\dimen159
\calc@Askip=\skip45
\calc@Bskip=\skip46
LaTeX Info: Redefining \setlength on input line 76.
LaTeX Info: Redefining \addtolength on input line 77.
\calc@Ccount=\count122
\calc@Cskip=\skip47
)
(/usr/share/texlive/texmf-dist/tex/latex/flowfram/flowfram.sty
Package: flowfram 2012/11/10 v1.14 (NLCT)

(/usr/share/texlive/texmf-dist/tex/latex/base/ifthen.sty
Package: ifthen 2001/05/26 v1.1c Standard LaTeX ifthen package (DPC)
)
(/usr/share/texlive/texmf-dist/tex/latex/xkeyval/xkeyval.sty
Package: xkeyval 2012/10/14 v2.6b package option processing (HA)

(/usr/share/texlive/texmf-dist/tex/generic/xkeyval/xkeyval.tex
\XKV@toks=\toks29
\XKV@tempa@toks=\toks30
\XKV@depth=\count123
File: xkeyval.tex 2012/10/14 v2.6b key=value parser (HA)
))
(/usr/share/texlive/texmf-dist/tex/latex/tools/afterpage.sty
Package: afterpage 1995/10/27 v1.08 After-Page Package (DPC)
\AP@output=\toks31
\AP@partial=\box61
\AP@footins=\box62
)
(/usr/share/texlive/texmf-dist/tex/latex/xfor/xfor.sty
Package: xfor 2009/02/05 v1.05 (NLCT)
)
(/usr/share/texlive/texmf-dist/tex/latex/etoolbox/etoolbox.sty
Package: etoolbox 2011/01/03 v2.1 e-TeX tools for LaTeX

(/usr/share/texlive/texmf-dist/tex/latex/etex-pkg/etex.sty
Package: etex 1998/03/26 v2.0 eTeX basic definition package (PEB)
\et@xins=\count124
)
\etb@tempcnta=\count125
)
\fflabelsep=\skip48
\c@absolutepage=\count126
\c@maxflow=\count127
\c@thisframe=\count128
\c@displayedframe=\count129
\c@maxstatic=\count130
\c@maxdynamic=\count131
\@colN=\count132
\@ff@tmpN=\count133
\ff@id=\count134
\@ff@offset=\skip49
\@ff@tmp@x=\skip50
\@ff@tmp@x@even=\skip51
\@ff@tmp@y=\skip52
\sdfparindent=\skip53
\flowframesep=\skip54
\flowframerule=\skip55
\staticframe=\box63
\@dynamictok=\toks32
\flf@ta=\toks33
\flf@tb=\toks34
\ffareawidth=\skip56
\ffareaheight=\skip57
\ffareax=\skip58
\ffareay=\skip59
\ffareaevenx=\skip60
\ffareaeveny=\skip61
\fftolerance=\skip62
\c@ffrangenum=\count135
\c@curpg=\count136
\ffevenoffset=\skip63
\@nxtcol=\count137
\columnheight=\skip64
\vcolumnsep=\skip65
\@ff@staticH=\skip66
\@ff@adjh=\count138
\@ff@staticW=\skip67
\@thisstrip=\count139
\ffcolumnseprule=\skip68
\@ff@left@x=\skip69
\@ff@left@y=\skip70
\@ff@left@evenx=\skip71
\@ff@left@eveny=\skip72
\@ff@left@width=\skip73
\@ff@left@height=\skip74
\c@maxthumbtabs=\count140
\thumbtabwidth=\skip75
\@greyscale=\count141
\c@maxtocunits=\count142
\c@maxminitoc=\count143
\@ttb@level=\count144
\@ttb@minitoclevel=\count145
\beforeminitocskip=\skip76
\afterminitocskip=\skip77
\c@minitoc=\count146
)
(/usr/share/texlive/texmf-dist/tex/latex/picinpar/picinpar.sty
Pictures in Paragraphs. Version 1.2a, July 13, 1993
\br=\count147
\bl=\count148
\na=\count149
\nb=\count150
\tcdsav=\count151
\tcl=\count152
\tcd=\count153
\tcn=\count154
\cumtcl=\count155
\cumpartcl=\count156
\lftside=\dimen160
\rtside=\dimen161
\hpic=\dimen162
\vpic=\dimen163
\strutilg=\dimen164
\picwd=\dimen165
\topheight=\dimen166
\ilg=\dimen167
\lpic=\dimen168
\lwindowsep=\dimen169
\rwindowsep=\dimen170
\cumpar=\dimen171
\twa=\toks35
\la=\toks36
\ra=\toks37
\ha=\toks38
\pictoc=\toks39
\rawtext=\box64
\holder=\box65
\windowbox=\box66
\wartext=\box67
\finaltext=\box68
\aslice=\box69
\bslice=\box70
\wbox=\box71
\wstrutbox=\box72
\picbox=\box73
\waslice=\box74
\wbslice=\box75
\fslice=\box76
) (/usr/share/texlive/texmf-dist/tex/latex/lettrine/lettrine.sty
File: lettrine.sty 2013/03/14 v1.64 (Daniel Flipo)
\c@DefaultLines=\count157
\DefaultFindent=\dimen172
\DefaultNindent=\dimen173
\DefaultSlope=\dimen174
\L@lbox=\box77
\L@tbox=\box78
\c@L@lines=\count158
\L@Pindent=\dimen175
\L@Findent=\dimen176
\L@Nindent=\dimen177
\L@lraise=\dimen178
\L@first=\dimen179
\L@next=\dimen180
\L@slope=\dimen181
\L@height=\dimen182
\LettrineWidth=\dimen183

Loading lettrine.cfg
(/usr/share/texlive/texmf-dist/tex/latex/lettrine/lettrine.cfg))
(/usr/share/texlive/texmf-dist/tex/latex/gentium-tug/gentium.sty
Package: gentium 2012/01/13 Style file for gentium.
)
(./zeitung.aux)
\openout1 = `zeitung.aux'.

LaTeX Font Info:    Checking defaults for OML/cmm/m/it on input line 25.
LaTeX Font Info:    ... okay on input line 25.
LaTeX Font Info:    Checking defaults for T1/cmr/m/n on input line 25.
LaTeX Font Info:    ... okay on input line 25.
LaTeX Font Info:    Checking defaults for OT1/cmr/m/n on input line 25.
LaTeX Font Info:    ... okay on input line 25.
LaTeX Font Info:    Checking defaults for OMS/cmsy/m/n on input line 25.
LaTeX Font Info:    ... okay on input line 25.
LaTeX Font Info:    Checking defaults for OMX/cmex/m/n on input line 25.
LaTeX Font Info:    ... okay on input line 25.
LaTeX Font Info:    Checking defaults for U/cmr/m/n on input line 25.
LaTeX Font Info:    ... okay on input line 25.
LaTeX Font Info:    Checking defaults for LY/yfrak/m/n on input line 25.
LaTeX Font Info:    ... okay on input line 25.
LaTeX Font Info:    Checking defaults for LYG/ygoth/m/n on input line 25.
LaTeX Font Info:    ... okay on input line 25.
LaTeX Font Info:    Checking defaults for T2A/cmr/m/n on input line 25.
LaTeX Font Info:    ... okay on input line 25.
LaTeX Font Info:    Try loading font information for T2A+gentium on input line 
25.

(/usr/share/texlive/texmf-dist/tex/latex/gentium-tug/t2agentium.fd
File: t2agentium.fd 2011/01/13 Font definitions for gentium.
)
LaTeX Font Info:    Font shape `T2A/gentium/m/n' will be
(Font)              scaled to size 12.0pt on input line 25.

ABD: EveryShipout initializing macros
(/usr/share/texlive/texmf-dist/tex/context/base/supp-pdf.mkii
[Loading MPS to PDF converter (version 2006.09.02).]
\scratchcounter=\count159
\scratchdimen=\dimen184
\scratchbox=\box79
\nofMPsegments=\count160
\nofMParguments=\count161
\everyMPshowfont=\toks40
\MPscratchCnt=\count162
\MPscratchDim=\dimen185
\MPnumerator=\count163
\makeMPintoPDFobject=\count164
\everyMPtoPDFconversion=\toks41
) (/usr/share/texlive/texmf-dist/tex/generic/oberdiek/pdftexcmds.sty
Package: pdftexcmds 2011/11/29 v0.20 Utility functions of pdfTeX for LuaTeX (HO
)

(/usr/share/texlive/texmf-dist/tex/generic/oberdiek/ifpdf.sty
Package: ifpdf 2011/01/30 v2.3 Provides the ifpdf switch (HO)
Package ifpdf Info: pdfTeX in PDF mode is detected.
)
Package pdftexcmds Info: LuaTeX not detected.
Package pdftexcmds Info: \pdf@primitive is available.
Package pdftexcmds Info: \pdf@ifprimitive is available.
Package pdftexcmds Info: \pdfdraftmode found.
)
(/usr/share/texlive/texmf-dist/tex/latex/oberdiek/epstopdf-base.sty
Package: epstopdf-base 2010/02/09 v2.5 Base part for package epstopdf

(/usr/share/texlive/texmf-dist/tex/latex/oberdiek/grfext.sty
Package: grfext 2010/08/19 v1.1 Manage graphics extensions (HO)

(/usr/share/texlive/texmf-dist/tex/generic/oberdiek/kvdefinekeys.sty
Package: kvdefinekeys 2011/04/07 v1.3 Define keys (HO)
))
Package grfext Info: Graphics extension search list:
(grfext)             [.png,.pdf,.jpg,.mps,.jpeg,.jbig2,.jb2,.PNG,.PDF,.JPG,.JPE
G,.JBIG2,.JB2,.eps]
(grfext)             \AppendGraphicsExtensions on input line 452.

(/usr/share/texlive/texmf-dist/tex/latex/latexconfig/epstopdf-sys.cfg
File: epstopdf-sys.cfg 2010/07/13 v1.3 Configuration of (r)epstopdf for TeX Liv
e
))
(/usr/share/texlive/texmf-dist/tex/latex/ucs/ucsencs.def
File: ucsencs.def 2011/01/21 Fixes to fontencodings LGR, T3
)

Package flowfram Warning: No flow frames, adding one on input line 25.

\columni=\box80
\colwidthi=\skip78
\colheighti=\skip79
\col@i@posx=\skip80
\col@i@posy=\skip81
\col@i@evenx=\skip82
\col@i@eveny=\skip83
<Head.pdf, id=4, 888.17178pt x 197.07939pt>
File: Head.pdf Graphic file (type pdf)
 <use Head.pdf>
Package pdftex.def Info: Head.pdf used on input line 26.
(pdftex.def)             Requested size: 505.89pt x 112.25522pt.
LaTeX Font Info:    Font shape `T2A/gentium/m/n' will be
(Font)              scaled to size 10.95pt on input line 26.
LaTeX Font Info:    Font shape `T2A/gentium/m/it' will be
(Font)              scaled to size 10.95pt on input line 26.
 (./erste/main.tex

LaTeX Font Warning: Font shape `T2A/gentium/m/sc' undefined
(Font)              using `T2A/gentium/m/n' instead on input line 2.

LaTeX Font Info:    Font shape `T2A/gentium/m/n' will be
(Font)              scaled to size 19.86398pt on input line 2.
LaTeX Font Info:    Font shape `T2A/gentium/m/n' will be
(Font)              scaled to size 30.96593pt on input line 2.
(/usr/share/texlive/texmf-dist/tex/latex/ucs/data/uni-4.def
File: uni-4.def 2013/05/13 UCS: Unicode data U+0400..U+04FF
)
LaTeX Font Info:    Font shape `T2A/gentium/m/sc' will be
(Font)              scaled to size 12.0pt on input line 2.

(/usr/share/texlive/texmf-dist/tex/latex/ucs/data/uni-32.def
File: uni-32.def 2013/05/13 UCS: Unicode data U+2000..U+20FF
)
Underfull \hbox (badness 10000) in paragraph at lines 2--16
[][] \T2A/gentium/m/sc/12 "Гьо-те"е ед-на
 []


Underfull \hbox (badness 6284) in paragraph at lines 2--16
\T2A/gentium/m/sc/12 след то-ва г-н Ни-ко-ла Вла-
 []


Underfull \hbox (badness 10000) in paragraph at lines 2--16
\T2A/gentium/m/sc/12 ди-ми-ров. 1971г. учи-ли-ще-то
 []

Missing character: There is no ^^R in font t2a-gentiumplus-regular!
Missing character: There is no ^^S in font t2a-gentiumplus-regular!
Missing character: There is no ^^T in font t2a-gentiumplus-regular!
Missing character: There is no ^^X in font t2a-gentiumplus-regular!
<./erste/1.jpg, id=5, 1007.765pt x 612.2875pt>
File: ./erste/1.jpg Graphic file (type jpg)
 <use ./erste/1.jpg>
Package pdftex.def Info: ./erste/1.jpg used on input line 20.
(pdftex.def)             Requested size: 317.98755pt x 193.19858pt.

Overfull \hbox (165.33089pt too wide) detected at line 21
[] [] []
 []


Overfull \hbox (165.33089pt too wide) detected at line 21
|[] [] []
 []


Underfull \hbox (badness 5105) in paragraph at lines 22--51
\T2A/gentium/m/sc/12 на и ху-до-жес-т-ве-на ли-те-ра-
 []


Underfull \hbox (badness 5832) in paragraph at lines 22--51
\T2A/gentium/m/sc/12 ша, Шве-ция, Ан-г-лия, Фран-
 []

[1

{/var/lib/texmf/fonts/map/pdftex/updmap/pdftex.map} <./Head.pdf> <./erste/1.jpg
>]) (./zdravei_az/zdravei_az.tex
LaTeX Font Info:    Font shape `T2A/gentium/m/sc' will be
(Font)              scaled to size 17.28pt on input line 2.
LaTeX Font Info:    Font shape `T2A/gentium/m/sc' will be
(Font)              scaled to size 10.0pt on input line 2.
LaTeX Font Info:    Font shape `T2A/gentium/m/n' will be
(Font)              scaled to size 10.0pt on input line 2.


LaTeX Font Warning: Font shape `T2A/gentium/bx/n' undefined
(Font)              using `T2A/gentium/m/n' instead on input line 2.

<./zdravei_az/2-1.jpg, id=17, 963.6pt x 550.055pt>
File: ./zdravei_az/2-1.jpg Graphic file (type jpg)
 <use ./zdravei_az/2-1.jpg>
Package pdftex.def Info: ./zdravei_az/2-1.jpg used on input line 7.
(pdftex.def)             Requested size: 245.71754pt x 140.25797pt.

<./zdravei_az/2-2.jpg, id=18, 963.6pt x 588.1975pt>
File: ./zdravei_az/2-2.jpg Graphic file (type jpg)
 <use ./zdravei_az/2-2.jpg>
Package pdftex.def Info: ./zdravei_az/2-2.jpg used on input line 9.
(pdftex.def)             Requested size: 245.71754pt x 149.98389pt.

<./zdravei_az/2-3.jpg, id=19, 648.4225pt x 475.7775pt>
File: ./zdravei_az/2-3.jpg Graphic file (type jpg)

<use ./zdravei_az/2-3.jpg>
Package pdftex.def Info: ./zdravei_az/2-3.jpg used on input line 12.
(pdftex.def)             Requested size: 245.71754pt x 180.29639pt.

<./zdravei_az/2-4.jpg, id=20, 684.5575pt x 454.69875pt>
File: ./zdravei_az/2-4.jpg Graphic file (type jpg)

<use ./zdravei_az/2-4.jpg>
Package pdftex.def Info: ./zdravei_az/2-4.jpg used on input line 13.
(pdftex.def)             Requested size: 245.71754pt x 163.21269pt.

<./zdravei_az/2-5.jpg, id=21, 675.52374pt x 445.665pt>
File: ./zdravei_az/2-5.jpg Graphic file (type jpg)

<use ./zdravei_az/2-5.jpg>
Package pdftex.def Info: ./zdravei_az/2-5.jpg used on input line 14.
(pdftex.def)             Requested size: 245.71754pt x 162.10535pt.

Overfull \hbox (2.77255pt too wide) in paragraph at lines 4--15
[]
 []


Underfull \hbox (badness 5008) in paragraph at lines 4--15
\T2A/gentium/m/sc/12 фия. Ня-къ-де про-че-тох, че то-зи пър-ви ви-
 []


Underfull \hbox (badness 10000) in paragraph at lines 4--15
\T2A/gentium/m/sc/12 пуск за из-ми-на-ли-те 55 го-ди-ни има най-
 []


Overfull \hbox (2.77255pt too wide) in paragraph at lines 4--15
[]
 []


Overfull \hbox (2.77255pt too wide) in paragraph at lines 4--15
[]
 []


Overfull \hbox (2.77255pt too wide) in paragraph at lines 4--15
[]
 []


Overfull \hbox (2.77255pt too wide) in paragraph at lines 4--15
[] 
 []

[2 <./zdravei_az/2-1.jpg> <./zdravei_az/2-2.jpg> <./zdravei_az/2-3.jpg>])
(./treti_vipusk/main.tex
LaTeX Font Info:    Font shape `T2A/gentium/bx/n' will be
(Font)              scaled to size 10.0pt on input line 3.

Underfull \hbox (badness 10000) in paragraph at lines 4--8
[]\T2A/gentium/m/sc/12 Третият ви-пуск на НЕГ
 []


Underfull \hbox (badness 10000) in paragraph at lines 4--8
\T2A/gentium/m/sc/12 гим-на-зия/ Гъ-лъ-бар-ни-ка/ и
 []


Underfull \hbox (badness 5022) in paragraph at lines 4--8
\T2A/gentium/m/sc/12 по-ко-ря-вах-ме вър-хо-ве, учас-
 []


Underfull \hbox (badness 10000) in paragraph at lines 4--8

 []

<./treti_vipusk/3.jpg, id=25, 493.3632pt x 357.4956pt>
File: ./treti_vipusk/3.jpg Graphic file (type jpg)

<use ./treti_vipusk/3.jpg>
Package pdftex.def Info: ./treti_vipusk/3.jpg used on input line 13.
(pdftex.def)             Requested size: 361.34999pt x 261.8424pt.

Overfull \hbox (206.05333pt too wide) in paragraph at lines 13--14
 [] 
 []

) [3 <./zdravei_az/2-4.jpg> <./zdravei_az/2-5.jpg> <./treti_vipusk/3.jpg>]
(./Bubalova/interview.tex
Underfull \hbox (badness 10000) in paragraph at lines 5--7
[]\T2A/gentium/m/sc/12 Г-жо Бу-ба-ло-ва, Вие сте
 []


Underfull \hbox (badness 10000) in paragraph at lines 17--23
\T2A/gentium/m/sc/12 ис-ти-на. За-що-то ос-вен пре-
 []


Underfull \hbox (badness 6995) in paragraph at lines 26--34
\T2A/gentium/m/sc/12 доб-ро-та, все-от-дай-ност, ува-
 []

Missing character: There is no ^^R in font t2a-gentiumplus-regular!
Missing character: There is no ^^S in font t2a-gentiumplus-regular!
Missing character: There is no ^^T in font t2a-gentiumplus-regular!
Missing character: There is no ^^X in font t2a-gentiumplus-regular!
<./Bubalova/4.jpg, id=29, 963.6pt x 642.4pt>
File: ./Bubalova/4.jpg Graphic file (type jpg)
 <use ./Bubalova/4.jpg>
Package pdftex.def Info: ./Bubalova/4.jpg used on input line 35.
(pdftex.def)             Requested size: 317.98755pt x 211.98285pt.

Overfull \hbox (165.33089pt too wide) detected at line 35
[] [] []
 []


Overfull \hbox (165.33089pt too wide) detected at line 35
|[] [] []
 []


Underfull \hbox (badness 10000) in paragraph at lines 38--40
[]\T2A/gentium/m/sc/12 Кое от ежед-не-ви-е-то на
 []


Underfull \hbox (badness 10000) in paragraph at lines 38--40
\T2A/gentium/m/sc/12 гим-на-зи-я-та Ви рад-ва най-
 []


Underfull \hbox (badness 10000) in paragraph at lines 49--53

 []


Overfull \hbox (4.3633pt too wide) in paragraph at lines 54--56
\T2A/gentium/m/sc/12 местав олим-пи-а-ди,състезания
 []


Underfull \hbox (badness 6364) in paragraph at lines 60--75
\T2A/gentium/m/sc/12 го твър-дя. Иде-я-та се ро-ди
 []


Underfull \hbox (badness 7099) in paragraph at lines 60--75
\T2A/gentium/m/sc/12 ди-те хо-ра в гим-на-зи-я-та и
 []


Underfull \hbox (badness 5175) in paragraph at lines 60--75
\T2A/gentium/m/sc/12 ка чуж-дия, за да ус-пее да
 []


Underfull \hbox (badness 7796) in paragraph at lines 60--75
\T2A/gentium/m/sc/12 Мно-го емо-ци-о-нал-на, мно-го
 []

[4 <./Bubalova/4.jpg>]
Underfull \hbox (badness 5924) in paragraph at lines 76--78
\T2A/gentium/m/sc/12 те-а-тъ-ра и ръ-ко-во-де-на-та от
 []


Underfull \hbox (badness 7099) in paragraph at lines 79--94
\T2A/gentium/m/sc/12 мно-го обич съз-да-дох те-ат-
 []


Underfull \hbox (badness 10000) in paragraph at lines 79--94
\T2A/gentium/m/sc/12 г.Нашите те-ат-рал-ни се-зо-ни
 []


Underfull \hbox (badness 10000) in paragraph at lines 79--94
\T2A/gentium/m/sc/12 съв-па-дат с учеб-ни-те го-ди-
 []


Underfull \hbox (badness 10000) in paragraph at lines 79--94
\T2A/gentium/m/sc/12 мож-ност на мла-ди-те хо-ра
 []

)
LaTeX Font Info:    Font shape `T2A/gentium/bx/n' will be
(Font)              scaled to size 12.0pt on input line 33.
LaTeX Font Info:    Font shape `T2A/gentium/m/it' will be
(Font)              scaled to size 12.0pt on input line 33.
LaTeX Font Info:    External font `cmex10' loaded for size
(Font)              <12> on input line 33.
LaTeX Font Info:    External font `cmex10' loaded for size
(Font)              <8> on input line 33.
LaTeX Font Info:    External font `cmex10' loaded for size
(Font)              <6> on input line 33.

Overfull \vbox (29.301pt too high) has occurred while \output is active []


[5] (./Ananieva/interview.tex
<./Ananieva/5.jpg, id=36, 422.57875pt x 313.17pt>
File: ./Ananieva/5.jpg Graphic file (type jpg)
 <use ./Ananieva/5.jpg>
Package pdftex.def Info: ./Ananieva/5.jpg used on input line 4.
(pdftex.def)             Requested size: 151.76744pt x 112.4735pt.

Underfull \hbox (badness 10000) in paragraph at lines 4--57
[]
 []


Underfull \hbox (badness 5217) in paragraph at lines 4--57
\T2A/gentium/bx/n/12 прос-т-ран-с-т-во на об-щи-на-та?
 []


Underfull \hbox (badness 5756) in paragraph at lines 4--57
\T2A/gentium/bx/n/12 точ-ни-ци на ин-фор-ма-ция и
 []


Underfull \hbox (badness 5832) in paragraph at lines 4--57
\T2A/gentium/bx/n/12 пла-но-ве-те в об-ра-зо-ва-тел-на-
 []


Underfull \hbox (badness 6842) in paragraph at lines 4--57
\T2A/gentium/bx/n/12 та-ти. Под-по-ма-га-ме изя-ви-те
 []


Underfull \hbox (badness 10000) in paragraph at lines 4--57
\T2A/gentium/bx/n/12 бъ-дат по-високи. Пред-виж-
 []


Underfull \hbox (badness 6032) in paragraph at lines 4--57
\T2A/gentium/bx/n/12 фи-нан-сов и ин-вес-ти-ци-о-нен
 []


Underfull \hbox (badness 10000) in paragraph at lines 4--57
\T2A/gentium/bx/n/12 си-гур-ност, раз-к-ре-пос-те-ност
 []

[6 <./Ananieva/5.jpg>])
LaTeX Font Info:    Try loading font information for T1+gentium on input line 3
5.

(/usr/share/texlive/texmf-dist/tex/latex/gentium-tug/t1gentium.fd
File: t1gentium.fd 2011/01/13 Font definitions for gentium.
)
LaTeX Font Info:    Font shape `T1/gentium/m/n' will be
(Font)              scaled to size 12.0pt on input line 35.

(./Brigitte/interview.tex
(/usr/share/texlive/texmf-dist/tex/latex/ucs/data/uni-0.def
File: uni-0.def 2013/05/13 UCS: Unicode data U+0000..U+00FF
)
LaTeX Font Info:    Font shape `T1/gentium/m/n' will be
(Font)              scaled to size 10.0pt on input line 2.
LaTeX Font Info:    Font shape `T1/gentium/bx/n' in size <10> not available
(Font)              Font shape `T1/gentium/b/n' tried instead on input line 2.
LaTeX Font Info:    Font shape `T1/gentium/b/n' will be
(Font)              scaled to size 10.0pt on input line 2.

<./Brigitte/6.jpg, id=40, 737.75626pt x 862.22125pt>
File: ./Brigitte/6.jpg Graphic file (type jpg)
 <use ./Brigitte/6.jpg>
Package pdftex.def Info: ./Brigitte/6.jpg used on input line 4.
(pdftex.def)             Requested size: 151.76744pt x 177.3617pt.

Underfull \hbox (badness 7777) in paragraph at lines 8--10
\T1/gentium/m/n/12 sche Schu-le ge-schickt wer-de
 []


Underfull \hbox (badness 7504) in paragraph at lines 8--10
\T1/gentium/m/n/12 lisch un-ter-rich-te. Aber dann
 []


Underfull \hbox (badness 10000) in paragraph at lines 11--12
[]\T1/gentium/m/n/12 Erfьllen die bul-ga-ri-schen
 []


Underfull \hbox (badness 10000) in paragraph at lines 13--14
\T1/gentium/m/n/12 un-ter-schie-de zu Deutsch-land
 []


Underfull \hbox (badness 10000) in paragraph at lines 30--31
[]\T1/gentium/m/n/12 Vielen Bul-ga-ren, die ich
 []


Underfull \hbox (badness 10000) in paragraph at lines 38--39
[]\T1/gentium/m/n/12 Jedenfalls wird sie nicht
 []

)
LaTeX Font Info:    Font shape `T1/gentium/m/n' will be
(Font)              scaled to size 10.95pt on input line 37.
LaTeX Font Info:    Font shape `T1/gentium/bx/n' in size <12> not available
(Font)              Font shape `T1/gentium/b/n' tried instead on input line 37.

LaTeX Font Info:    Font shape `T1/gentium/b/n' will be
(Font)              scaled to size 12.0pt on input line 37.
LaTeX Font Info:    Font shape `T1/gentium/m/it' will be
(Font)              scaled to size 12.0pt on input line 37.

Overfull \vbox (29.451pt too high) has occurred while \output is active []


[7 <./Brigitte/6.jpg>] (./Ilieva/interview.tex
Underfull \hbox (badness 10000) in paragraph at lines 1--3
[]\T2A/gentium/bx/n/12 Духовното прос-т-ран-с-т-во
 []

<./Ilieva/Ilieva.jpg, id=48, 217.81375pt x 179.67125pt>
File: ./Ilieva/Ilieva.jpg Graphic file (type jpg)

<use ./Ilieva/Ilieva.jpg>
Package pdftex.def Info: ./Ilieva/Ilieva.jpg used on input line 5.
(pdftex.def)             Requested size: 151.76744pt x 125.19054pt.

Overfull \hbox (14.0956pt too wide) in paragraph at lines 5--6
[][] 
 []


Underfull \hbox (badness 10000) in paragraph at lines 9--10
[]\T2A/gentium/bx/n/12 Може би учи-тел-с-ка-
 []


Underfull \hbox (badness 10000) in paragraph at lines 9--10
\T2A/gentium/bx/n/12 та про-фе-сия е ед-на от
 []


Underfull \hbox (badness 10000) in paragraph at lines 9--10
\T2A/gentium/bx/n/12 най^^Uоблагодетелстваните
 []


Underfull \hbox (badness 6961) in paragraph at lines 24--25
\T2A/gentium/bx/n/12 ги-о-нал-ни-ят ин-с-пек-то-рат за
 []


Underfull \hbox (badness 10000) in paragraph at lines 30--31
[]\T2A/gentium/bx/n/12 Пожелавам на ва-ша-та
 []

[8 <./Ilieva/Ilieva.jpg>]) (./Jneva/interview.tex
Underfull \hbox (badness 10000) in paragraph at lines 1--2
[]\T2A/gentium/bx/n/12 Учениците от Нем-с-ка-та
 []

<./Jneva/Jneva.jpg, id=52, 903.375pt x 1023.825pt>
File: ./Jneva/Jneva.jpg Graphic file (type jpg)
 <use ./Jneva/Jneva.jpg>
Package pdftex.def Info: ./Jneva/Jneva.jpg used on input line 4.
(pdftex.def)             Requested size: 151.76744pt x 172.00142pt.

Underfull \hbox (badness 5771) in paragraph at lines 8--11
[]\T2A/gentium/bx/n/12 Казвам се Зла-ти-на Яне-
 []


Underfull \hbox (badness 5832) in paragraph at lines 8--11
\T2A/gentium/bx/n/12 съм Ико-но-ми-чес-кия тех-ни-
 []


Underfull \hbox (badness 10000) in paragraph at lines 20--21
[]\T2A/gentium/bx/n/12 Какви са впе-чат-ле-ни-я-та
 []


Underfull \hbox (badness 10000) in paragraph at lines 25--26
[]\T2A/gentium/bx/n/12 Какво бих-те же-ла-ли да
 []


Underfull \hbox (badness 5924) in paragraph at lines 27--28
[]\T2A/gentium/bx/n/12 Преди всич-ко, ако мо-га
 []

[9 <./Jneva/Jneva.jpg>]) (./Karavasileva/interview.tex
Underfull \hbox (badness 10000) in paragraph at lines 8--9
[]\T2A/gentium/bx/n/12 Организацията на един
 []


Underfull \hbox (badness 10000) in paragraph at lines 8--9
\T2A/gentium/bx/n/12 зи-къл изис-к-ва хо-ре-ог-ра-фи,
 []


Underfull \hbox (badness 7379) in paragraph at lines 8--9
\T2A/gentium/bx/n/12 сце-на-рис-ти, му-зи-кан-ти, оз-
 []


Underfull \hbox (badness 10000) in paragraph at lines 14--15
[]\T2A/gentium/bx/n/12 Развитието на уче-ни-ци-
 []


Underfull \hbox (badness 10000) in paragraph at lines 14--15
\T2A/gentium/bx/n/12 т-ния със-тав, кой-то включ-
 []


Underfull \hbox (badness 10000) in paragraph at lines 14--15
\T2A/gentium/bx/n/12 сфор-ми-рат во-кал-ни гру-пи
 []


Underfull \hbox (badness 10000) in paragraph at lines 18--19
[]\T2A/gentium/bx/n/12 Много уче-ни-ци про-дъл-
 []


Underfull \hbox (badness 5985) in paragraph at lines 18--19
\T2A/gentium/bx/n/12 за-вър-ш-ва-не-то си с му-зи-ка,
 []


Underfull \hbox (badness 6016) in paragraph at lines 18--19
\T2A/gentium/bx/n/12 до-ка-за-тел-с-т-во, че нем-с-ки-ят
 []

) (./DSD/main.tex
Underfull \hbox (badness 6173) in paragraph at lines 4--9
\T2A/gentium/bx/n/12 за пос-лед-на-та, ко-га-то ид-ва
 []


Underfull \hbox (badness 10000) in paragraph at lines 4--9
\T2A/gentium/bx/n/12 ези-ко-ва гим-на-зия ЅГьо-те^^P,
 []

[10]
Underfull \hbox (badness 10000) in paragraph at lines 20--28
[]\T2A/gentium/bx/n/12 Нека за-поч-нем с ос-ми
 []


Underfull \hbox (badness 5231) in paragraph at lines 20--28
\T2A/gentium/bx/n/12 ме емо-ци-о-нал-но из-рас-на-ли
 []


Underfull \hbox (badness 10000) in paragraph at lines 20--28
\T2A/gentium/bx/n/12 го-не-не-то по ко-ри-до-ри-те и
 []


Underfull \hbox (badness 6300) in paragraph at lines 20--28
\T2A/gentium/bx/n/12 тес-т-ве-но, все-ки зрял чо-век
 []


Underfull \hbox (badness 5970) in paragraph at lines 29--52
\T2A/gentium/bx/n/12 це на доб-ра-та ста-ра нем-с-
 []

[11]
Underfull \hbox (badness 6268) in paragraph at lines 69--71
[]\T2A/gentium/bx/n/12 Дванадесети клас. От-но-
 []

Missing character: There is no ^^R in font t2a-gentiumplus-regular!
Missing character: There is no ^^S in font t2a-gentiumplus-regular!
Missing character: There is no ^^T in font t2a-gentiumplus-regular!
Missing character: There is no ^^X in font t2a-gentiumplus-regular!
<./DSD/dsd.jpg, id=62, 963.6pt x 542.025pt>
File: ./DSD/dsd.jpg Graphic file (type jpg)
 <use ./DSD/dsd.jpg>
Package pdftex.def Info: ./DSD/dsd.jpg used on input line 71.
(pdftex.def)             Requested size: 325.215pt x 182.92967pt.

Overfull \hbox (172.55833pt too wide) detected at line 72
[] [] []
 []


Overfull \hbox (172.55833pt too wide) detected at line 72
|[] [] []
 []

) (./Zaikova/interview.tex
Missing character: There is no ^^R in font t2a-gentiumplus-regular!
Missing character: There is no ^^S in font t2a-gentiumplus-regular!
Missing character: There is no ^^T in font t2a-gentiumplus-regular!
Missing character: There is no ^^X in font t2a-gentiumplus-regular!
 <./Zaikova/zaikova.jpg, id=63, 963.6pt x 642.4pt>
File: ./Zaikova/zaikova.jpg Graphic file (type jpg)

<use ./Zaikova/zaikova.jpg>
Package pdftex.def Info: ./Zaikova/zaikova.jpg used on input line 5.
(pdftex.def)             Requested size: 245.71754pt x 163.80493pt.

Overfull \hbox (5.41255pt too wide) detected at line 5
[] [] []
 []


Overfull \hbox (5.41255pt too wide) detected at line 5
|[] [] []
 []


Overfull \vbox (2.31601pt too high) has occurred while \output is active []


Overfull \vbox (2.31601pt too high) has occurred while \output is active []


[12 <./DSD/dsd.jpg> <./Zaikova/zaikova.jpg>]
Underfull \hbox (badness 10000) in paragraph at lines 17--18
[]\T2A/gentium/bx/n/12 Съвременните уче-ни-ци са дос-та по-
 []


Underfull \hbox (badness 10000) in paragraph at lines 19--20
[]\T2A/gentium/bx/n/12 Пожелайте ни не-що по слу-чай 55-
 []

)
Overfull \vbox (29.301pt too high) has occurred while \output is active []


[13] (./Todorova/interview.tex
Missing character: There is no ^^R in font t2a-gentiumplus-regular!
Missing character: There is no ^^S in font t2a-gentiumplus-regular!
Missing character: There is no ^^T in font t2a-gentiumplus-regular!
Missing character: There is no ^^X in font t2a-gentiumplus-regular!

<./Todorova/todorova.jpg, id=71, 21.1992pt x 28.1853pt>
File: ./Todorova/todorova.jpg Graphic file (type jpg)

<use ./Todorova/todorova.jpg>
Package pdftex.def Info: ./Todorova/todorova.jpg used on input line 4.
(pdftex.def)             Requested size: 151.76744pt x 201.89223pt.

Underfull \hbox (badness 10000) in paragraph at lines 6--30
[]\T2A/gentium/bx/n/12 На 10.03.2015 го-ди-на се
 []


Underfull \hbox (badness 10000) in paragraph at lines 6--30
\T2A/gentium/bx/n/12 Ат-мос-фе-ра-та в гим-на-зи-я-та
 []


Underfull \hbox (badness 10000) in paragraph at lines 6--30
\T2A/gentium/bx/n/12 ле-ми. Ко-га-то един уче-ник
 []


Underfull \hbox (badness 10000) in paragraph at lines 6--30
\T2A/gentium/bx/n/12 до-ра-зу-ме-ни-я-та, въз-ник-на-ли
 []


Underfull \hbox (badness 10000) in paragraph at lines 6--30
\T2A/gentium/bx/n/12 на-зи-я-та, гос-по-жа То-до-ро-ва
 []

) (./Aslan/interview.tex
Underfull \hbox (badness 5417) in paragraph at lines 10--11
[]\T2A/gentium/bx/n/12 Чувствам се мно-го доб-
 []


Underfull \hbox (badness 10000) in paragraph at lines 18--19
[]\T2A/gentium/bx/n/12 О, да..Определено има
 []

[14 <./Todorova/todorova.jpg>]
Underfull \hbox (badness 10000) in paragraph at lines 30--31
[]\T2A/gentium/bx/n/12 Усмихвайте се по-ве-че,
 []

<./Aslan/Aslan.jpg, id=75, 963.6pt x 542.025pt>
File: ./Aslan/Aslan.jpg Graphic file (type jpg)
 <use ./Aslan/Aslan.jpg>
Package pdftex.def Info: ./Aslan/Aslan.jpg used on input line 35.
(pdftex.def)             Requested size: 411.93877pt x 231.70982pt.

Overfull \vbox (29.301pt too high) has occurred while \output is active []


[15 <./Aslan/Aslan.jpg>]) (./Komenski/main.tex
Underfull \hbox (badness 10000) in paragraph at lines 6--7
\T2A/gentium/bx/n/12 ги-чен про-ект, ор-га-ни-зи-ран
 []


Underfull \hbox (badness 10000) in paragraph at lines 6--7
\T2A/gentium/bx/n/12 зна-ни-я-та на уче-ни-ци-те по
 []


Underfull \hbox (badness 6412) in paragraph at lines 6--7
\T2A/gentium/bx/n/12 и про-веж-да-ме ини-ци-а-ти-ви,
 []


Underfull \hbox (badness 5260) in paragraph at lines 10--11
[]\T2A/gentium/bx/n/12 Началото на про-ек-та бе
 []


Underfull \hbox (badness 10000) in paragraph at lines 12--13
[]\T2A/gentium/bx/n/12 През ме-сец ок-том-в-ри
 []


Underfull \hbox (badness 6510) in paragraph at lines 12--13
\T2A/gentium/bx/n/12 ни сре-щи меж-ду пе-ти-ма-та
 []


Underfull \hbox (badness 5359) in paragraph at lines 12--13
\T2A/gentium/bx/n/12 Ве-се-ла Хрис-то-ва. То-га-ва бе
 []


Underfull \hbox (badness 10000) in paragraph at lines 14--15
[]\T2A/gentium/bx/n/12 Проектът про-дъл-жи и
 []


Underfull \hbox (badness 10000) in paragraph at lines 14--15
\T2A/gentium/bx/n/12 по-ло-жи-тел-но вли-я-ние вър-
 []


Underfull \hbox (badness 7869) in paragraph at lines 14--15
\T2A/gentium/bx/n/12 за страш-но-то зе-мет-ре-се-ние
 []


Underfull \hbox (badness 10000) in paragraph at lines 20--21
[]\T2A/gentium/bx/n/12 През ме-сец но-ем-в-ри се
 []


Underfull \hbox (badness 6141) in paragraph at lines 20--21
\T2A/gentium/bx/n/12 на-вод-не-ние, спо-ле-тя-ло гра-
 []

[16] <./Komenski/1.jpg, id=82, 300.12125pt x 181.67876pt>
File: ./Komenski/1.jpg Graphic file (type jpg)

<use ./Komenski/1.jpg>
Package pdftex.def Info: ./Komenski/1.jpg used on input line 33.
(pdftex.def)             Requested size: 224.03743pt x 135.62389pt.
 <./Komenski/2.jpg, id=83, 230.8625pt x 176.66pt>
File: ./Komenski/2.jpg Graphic file (type jpg)

<use ./Komenski/2.jpg>
Package pdftex.def Info: ./Komenski/2.jpg used on input line 33.
(pdftex.def)             Requested size: 224.03743pt x 171.43816pt.
 <./Komenski/3.jpg, id=84, 555.07375pt x 204.765pt>
File: ./Komenski/3.jpg Graphic file (type jpg)

<use ./Komenski/3.jpg>
Package pdftex.def Info: ./Komenski/3.jpg used on input line 34.
(pdftex.def)             Requested size: 368.57744pt x 135.96703pt.
) (./Magoretki/main.tex [17 <./Komenski/1.jpg> <./Komenski/2.jpg> <./Komenski/3
.jpg>] <./Magoretki/M.jpg, id=88, 963.6pt x 642.4pt>
File: ./Magoretki/M.jpg Graphic file (type jpg)

<use ./Magoretki/M.jpg>
Package pdftex.def Info: ./Magoretki/M.jpg used on input line 11.
(pdftex.def)             Requested size: 440.84743pt x 293.89021pt.
) (./Chained_Rose/main.tex
Underfull \hbox (badness 10000) in paragraph at lines 4--17
\T2A/gentium/bx/n/12 че-ти-ри-го-диш-но прик-лю-че-
 []


Underfull \hbox (badness 6157) in paragraph at lines 4--17
\T2A/gentium/bx/n/12 след дъл-го за-поч-нах-ме ре-
 []


Underfull \hbox (badness 10000) in paragraph at lines 4--17
\T2A/gentium/bx/n/12 всич-ко. И пе-ти-ма-та бях-ме
 []


Underfull \hbox (badness 5231) in paragraph at lines 4--17
\T2A/gentium/bx/n/12 и ре-пер-то-а-рът ни рас-те-ше,
 []


Underfull \hbox (badness 6157) in paragraph at lines 4--17
\T2A/gentium/bx/n/12 зи спо-де-ле-ни по-ло-жи-тел-ни
 []


Underfull \hbox (badness 10000) in paragraph at lines 4--17
\T2A/gentium/bx/n/12 ве-ро-ят-ни-те ку-по-ни, къ-де-то
 []


Underfull \hbox (badness 8019) in paragraph at lines 4--17
\T2A/gentium/bx/n/12 спе-ци-ал-но за фес-ти-ва-ла. В
 []


Underfull \hbox (badness 10000) in paragraph at lines 4--17
\T2A/gentium/bx/n/12 офи-ци-ал-ни-те ни стра-ни-ци:
 []


Overfull \hbox (4.68723pt too wide) in paragraph at lines 4--17
\T2A/gentium/bx/n/12 facebook.com/chainedroseband,
 []


Overfull \hbox (9.20485pt too wide) in paragraph at lines 4--17
\T2A/gentium/m/n/10.95 youtube.com/user/chainedroseband 
 []

[18 <./Magoretki/M.jpg>] <./Chained_Rose/CR.jpg, id=92, 963.6pt x 546.04pt>
File: ./Chained_Rose/CR.jpg Graphic file (type jpg)

<use ./Chained_Rose/CR.jpg>
Package pdftex.def Info: ./Chained_Rose/CR.jpg used on input line 20.
(pdftex.def)             Requested size: 361.34999pt x 204.7645pt.

Overfull \vbox (29.301pt too high) has occurred while \output is active []


[19 <./Chained_Rose/CR.jpg>]) (./Teatar/main.tex
<./Teatar/1.jpg, id=97, 963.6pt x 640.3925pt>
File: ./Teatar/1.jpg Graphic file (type jpg)
 <use ./Teatar/1.jpg>
Package pdftex.def Info: ./Teatar/1.jpg used on input line 4.
(pdftex.def)             Requested size: 448.07378pt x 297.77943pt.

Overfull \vbox (29.301pt too high) has occurred while \output is active []


[20 <./Teatar/1.jpg>]
Underfull \hbox (badness 10000) in paragraph at lines 19--20

 []


Underfull \hbox (badness 10000) in paragraph at lines 21--22

 []


Underfull \hbox (badness 10000) in paragraph at lines 23--24

 []


Underfull \hbox (badness 10000) in paragraph at lines 25--26

 []


Underfull \hbox (badness 10000) in paragraph at lines 27--28

 []


Underfull \hbox (badness 10000) in paragraph at lines 29--30

 []


Underfull \hbox (badness 10000) in paragraph at lines 31--32

 []


Underfull \hbox (badness 10000) in paragraph at lines 33--34

 []


Underfull \hbox (badness 10000) in paragraph at lines 35--36

 []

[21]) (./US/main.tex <./US/US.jpg, id=104, 963.6pt x 542.025pt>
File: ./US/US.jpg Graphic file (type jpg)

<use ./US/US.jpg>
Package pdftex.def Info: ./US/US.jpg used on input line 14.
(pdftex.def)             Requested size: 433.62pt x 243.90898pt.
) (./GPNE/main.tex
Underfull \hbox (badness 10000) in paragraph at lines 4--6

 []

[22 <./US/US.jpg>]
Underfull \hbox (badness 10000) in paragraph at lines 7--9

 []


Underfull \hbox (badness 10000) in paragraph at lines 10--12

 []


Underfull \hbox (badness 10000) in paragraph at lines 14--16

 []


Underfull \hbox (badness 10000) in paragraph at lines 17--19

 []

) (./Radeva/interview.tex
Missing character: There is no ^^R in font t2a-gentiumplus-regular!
Missing character: There is no ^^S in font t2a-gentiumplus-regular!
Missing character: There is no ^^T in font t2a-gentiumplus-regular!
Missing character: There is no ^^X in font t2a-gentiumplus-regular!

<./Radeva/IMG_3591.JPG, id=108, 750.002pt x 649.2255pt>
File: ./Radeva/IMG_3591.JPG Graphic file (type jpg)

<use ./Radeva/IMG_3591.JPG>
Package pdftex.def Info: ./Radeva/IMG_3591.JPG used on input line 4.
(pdftex.def)             Requested size: 151.76744pt x 131.36838pt.

Underfull \hbox (badness 5050) in paragraph at lines 8--9
\T2A/gentium/bx/n/12 ези-ци е аб-со-лют-на не-об-хо-
 []


Underfull \hbox (badness 10000) in paragraph at lines 8--9
\T2A/gentium/bx/n/12 политическия, ико-но-ми-чес-
 []


Underfull \hbox (badness 6380) in paragraph at lines 8--9
\T2A/gentium/bx/n/12 що-то се от-ли-ча-ват със со-
 []


Underfull \hbox (badness 10000) in paragraph at lines 8--9
\T2A/gentium/bx/n/12 лид-на об-що-об-ра-зо-ва-тел-на
 []


Underfull \hbox (badness 10000) in paragraph at lines 8--9
\T2A/gentium/bx/n/12 под-го-тов-ка и нравствено-
 []


Underfull \hbox (badness 10000) in paragraph at lines 12--13
[]\T2A/gentium/bx/n/12 Предимствата на ГП-НЕ
 []


Underfull \hbox (badness 10000) in paragraph at lines 12--13
\T2A/gentium/bx/n/12 ЅГьо-те^^P е в из-г-раж-да-не-то
 []


Underfull \hbox (badness 10000) in paragraph at lines 12--13
\T2A/gentium/bx/n/12 на ини-ци-а-тив-ни, кре-а-тив-
 []


Underfull \hbox (badness 10000) in paragraph at lines 12--13
\T2A/gentium/bx/n/12 ни, лю-боз-на-тел-ни лич-нос-
 []


Underfull \hbox (badness 10000) in paragraph at lines 12--13
\T2A/gentium/bx/n/12 ли. В гим-на-зи-я-та ра-бо-тят
 []


Underfull \hbox (badness 10000) in paragraph at lines 12--13
\T2A/gentium/bx/n/12 от-лич-ни про-фе-си-о-на-лис-ти,
 []


Underfull \hbox (badness 10000) in paragraph at lines 12--13
\T2A/gentium/bx/n/12 шен-с-т-ват сво-и-те зна-ния и
 []


Underfull \hbox (badness 10000) in paragraph at lines 12--13
\T2A/gentium/bx/n/12 идеи.Професионалисти, ко-
 []

[23 <./Radeva/IMG_3591.JPG>]
Underfull \hbox (badness 7504) in paragraph at lines 14--15
\T2A/gentium/bx/n/12 културно-образователни об-
 []


Underfull \hbox (badness 5446) in paragraph at lines 14--15
\T2A/gentium/bx/n/12 дии за обу-че-ние в нем-с-ки
 []


Underfull \hbox (badness 10000) in paragraph at lines 18--19
[]\T2A/gentium/bx/n/12 Работният ми ден по
 []


Underfull \hbox (badness 10000) in paragraph at lines 18--19
\T2A/gentium/bx/n/12 прин-цип е пред-ва-ри-тел-но
 []


Underfull \hbox (badness 7944) in paragraph at lines 18--19
\T2A/gentium/bx/n/12 ^^Pра-бо-то-хо-лик^^Q, за-що-то съз-
 []


Underfull \hbox (badness 6608) in paragraph at lines 22--23
\T2A/gentium/bx/n/12 на ГП-НЕ Ѕ Гьо-те^^P е поч-ти
 []


Underfull \hbox (badness 6300) in paragraph at lines 22--23
\T2A/gentium/bx/n/12 се нап-ра-ви-ха дос-та про-ме-
 []


Underfull \hbox (badness 10000) in paragraph at lines 28--29
[]\T2A/gentium/bx/n/12 Кое от ежед-не-ви-е-то Ви
 []


Underfull \hbox (badness 10000) in paragraph at lines 34--35
[]\T2A/gentium/bx/n/12 Негативизъм най-
 []


Underfull \hbox (badness 10000) in paragraph at lines 34--35
\T2A/gentium/bx/n/12 про-ти-во-по-лож-ни на изис-к-
 []


Underfull \hbox (badness 10000) in paragraph at lines 36--37
[]\T2A/gentium/bx/n/12 Сега един мал-ко по-
 []


Underfull \hbox (badness 10000) in paragraph at lines 36--37
\T2A/gentium/bx/n/12 провокативен въп-рос. Как
 []

[24]) (./Dobreva/interview.tex
Underfull \hbox (badness 6173) in paragraph at lines 6--7
\T2A/gentium/bx/n/12 пи-та, из-г-леж-да ли тол-ко-ва
 []


Underfull \hbox (badness 10000) in paragraph at lines 16--17
[]\T2A/gentium/bx/n/12 Лорета: При-тес-ня-вах се
 []


Underfull \hbox (badness 5050) in paragraph at lines 16--17
\T2A/gentium/bx/n/12 ки-те, ко-и-то ще осъ-щес-т-вят
 []


Underfull \hbox (badness 10000) in paragraph at lines 16--17
\T2A/gentium/bx/n/12 при-тес-не-ни-е-то ми из-чез-на
 []

) (./Reklama/fin.tex
LaTeX Font Info:    Try loading font information for OMS+gentium on input line 
7.
LaTeX Font Info:    No file OMSgentium.fd. on input line 7.


LaTeX Font Warning: Font shape `OMS/gentium/m/n' undefined
(Font)              using `OMS/cmsy/m/n' instead
(Font)              for symbol `textbullet' on input line 7.


Overfull \vbox (29.301pt too high) has occurred while \output is active []


[25]
Overfull \vbox (29.301pt too high) has occurred while \output is active []


[26]
Overfull \vbox (29.301pt too high) has occurred while \output is active []


[27] <./Reklama/fin.jpg, id=126, 963.6pt x 642.4pt>
File: ./Reklama/fin.jpg Graphic file (type jpg)
 <use ./Reklama/fin.jpg>
Package pdftex.def Info: ./Reklama/fin.jpg used on input line 38.
(pdftex.def)             Requested size: 433.62pt x 289.07733pt.
)
Overfull \vbox (29.301pt too high) has occurred while \output is active []


[28 <./Reklama/fin.jpg>] (./zeitung.aux)

LaTeX Font Warning: Some font shapes were not available, defaults substituted.

 ) 
Here is how much of TeX's memory you used:
 14968 strings out of 493304
 254980 string characters out of 6139871
 343877 words of memory out of 5000000
 18001 multiletter control sequences out of 15000+600000
 20416 words of font info for 38 fonts, out of 8000000 for 9000
 957 hyphenation exceptions out of 8191
 63i,14n,57p,5495b,776s stack positions out of 5000i,500n,10000p,200000b,80000s
{/usr/share/texlive/texmf-dist/fonts/enc/dvips/gentium-tug/gentium-ec.enc}{/u
sr/share/texlive/texmf-dist/fonts/enc/dvips/gentium-tug/gentium-t2a.enc}</usr/s
hare/texlive/texmf-dist/fonts/type1/public/gentium-tug/GenBasB.pfb></usr/share/
texlive/texmf-dist/fonts/type1/public/gentium-tug/GentiumPlus-I.pfb></usr/share
/texlive/texmf-dist/fonts/type1/public/gentium-tug/GentiumPlus-R.pfb></usr/shar
e/texlive/texmf-dist/fonts/type1/public/amsfonts/cm/cmsy10.pfb>
Output written on zeitung.pdf (28 pages, 7040352 bytes).
PDF statistics:
 149 PDF objects out of 1000 (max. 8388607)
 87 compressed objects within 1 object stream
 0 named destinations out of 1000 (max. 500000)
 143 words of extra memory for PDF output out of 10000 (max. 10000000)

